{"/Users/avery/WebstormProjects/xen2/backend/knexfile.js": {"path":"/Users/avery/WebstormProjects/xen2/backend/knexfile.js","statementMap":{"0":{"start":{"line":1,"column":0},"end":{"line":1,"column":27}},"1":{"start":{"line":3,"column":0},"end":{"line":30,"column":2}}},"fnMap":{},"branchMap":{},"s":{"0":1,"1":1},"f":{},"b":{},"_coverageSchema":"1a1c01bbd47fc00a2c39e90264f33305004495a9","hash":"3d354ac1ed2eb9a6eff89286b9bcfd2149af177f"}
,"/Users/avery/WebstormProjects/xen2/backend/src/db/connection.js": {"path":"/Users/avery/WebstormProjects/xen2/backend/src/db/connection.js","statementMap":{"0":{"start":{"line":1,"column":0},"end":{"line":1,"column":27}},"1":{"start":{"line":3,"column":20},"end":{"line":3,"column":36}},"2":{"start":{"line":4,"column":15},"end":{"line":4,"column":53}},"3":{"start":{"line":5,"column":13},"end":{"line":5,"column":36}},"4":{"start":{"line":7,"column":0},"end":{"line":7,"column":22}}},"fnMap":{},"branchMap":{},"s":{"0":1,"1":1,"2":1,"3":1,"4":1},"f":{},"b":{},"_coverageSchema":"1a1c01bbd47fc00a2c39e90264f33305004495a9","hash":"897959632ed604b6e59f91a20c24b9f34b593d4a"}
,"/Users/avery/WebstormProjects/xen2/backend/src/db/test/config/testUserData.js": {"path":"/Users/avery/WebstormProjects/xen2/backend/src/db/test/config/testUserData.js","statementMap":{"0":{"start":{"line":1,"column":0},"end":{"line":6,"column":1}}},"fnMap":{},"branchMap":{},"s":{"0":1},"f":{},"b":{},"_coverageSchema":"1a1c01bbd47fc00a2c39e90264f33305004495a9","hash":"8cefbedc91d38e0b9445f6f3f60c7ab06a0b4e86"}
,"/Users/avery/WebstormProjects/xen2/backend/src/db/test/seeds/testUsers.js": {"path":"/Users/avery/WebstormProjects/xen2/backend/src/db/test/seeds/testUsers.js","statementMap":{"0":{"start":{"line":1,"column":21},"end":{"line":1,"column":54}},"1":{"start":{"line":2,"column":0},"end":{"line":5,"column":2}},"2":{"start":{"line":3,"column":2},"end":{"line":3,"column":33}},"3":{"start":{"line":4,"column":2},"end":{"line":4,"column":43}}},"fnMap":{"0":{"name":"(anonymous_0)","decl":{"start":{"line":2,"column":15},"end":{"line":2,"column":16}},"loc":{"start":{"line":2,"column":36},"end":{"line":5,"column":1}},"line":2}},"branchMap":{},"s":{"0":1,"1":1,"2":2,"3":2},"f":{"0":2},"b":{},"_coverageSchema":"1a1c01bbd47fc00a2c39e90264f33305004495a9","hash":"bb7060bc9abd98a178e0cd954bcceb14bddabdd9"}
,"/Users/avery/WebstormProjects/xen2/backend/src/errors/asyncErrorBoundary.js": {"path":"/Users/avery/WebstormProjects/xen2/backend/src/errors/asyncErrorBoundary.js","statementMap":{"0":{"start":{"line":1,"column":27},"end":{"line":13,"column":1}},"1":{"start":{"line":2,"column":4},"end":{"line":12,"column":6}},"2":{"start":{"line":3,"column":8},"end":{"line":11,"column":15}},"3":{"start":{"line":4,"column":24},"end":{"line":4,"column":48}},"4":{"start":{"line":6,"column":68},"end":{"line":6,"column":73}},"5":{"start":{"line":7,"column":16},"end":{"line":10,"column":19}},"6":{"start":{"line":15,"column":0},"end":{"line":15,"column":36}}},"fnMap":{"0":{"name":"(anonymous_0)","decl":{"start":{"line":1,"column":27},"end":{"line":1,"column":28}},"loc":{"start":{"line":1,"column":56},"end":{"line":13,"column":1}},"line":1},"1":{"name":"(anonymous_1)","decl":{"start":{"line":2,"column":11},"end":{"line":2,"column":12}},"loc":{"start":{"line":2,"column":31},"end":{"line":12,"column":5}},"line":2},"2":{"name":"(anonymous_2)","decl":{"start":{"line":4,"column":18},"end":{"line":4,"column":19}},"loc":{"start":{"line":4,"column":24},"end":{"line":4,"column":48}},"line":4},"3":{"name":"(anonymous_3)","decl":{"start":{"line":5,"column":19},"end":{"line":5,"column":20}},"loc":{"start":{"line":5,"column":35},"end":{"line":11,"column":13}},"line":5}},"branchMap":{"0":{"loc":{"start":{"line":5,"column":20},"end":{"line":5,"column":30}},"type":"default-arg","locations":[{"start":{"line":5,"column":28},"end":{"line":5,"column":30}}],"line":5},"1":{"loc":{"start":{"line":6,"column":24},"end":{"line":6,"column":46}},"type":"default-arg","locations":[{"start":{"line":6,"column":33},"end":{"line":6,"column":46}}],"line":6},"2":{"loc":{"start":{"line":6,"column":48},"end":{"line":6,"column":63}},"type":"default-arg","locations":[{"start":{"line":6,"column":58},"end":{"line":6,"column":63}}],"line":6}},"s":{"0":1,"1":0,"2":0,"3":0,"4":0,"5":0,"6":1},"f":{"0":0,"1":0,"2":0,"3":0},"b":{"0":[0],"1":[0],"2":[0]},"_coverageSchema":"1a1c01bbd47fc00a2c39e90264f33305004495a9","hash":"b6ed90ff24e15f9b97c2dbffd6143d284ac7bb61"}
,"/Users/avery/WebstormProjects/xen2/backend/src/errors/dbError.js": {"path":"/Users/avery/WebstormProjects/xen2/backend/src/errors/dbError.js","statementMap":{"0":{"start":{"line":2,"column":16},"end":{"line":6,"column":1}},"1":{"start":{"line":3,"column":4},"end":{"line":3,"column":25}},"2":{"start":{"line":4,"column":4},"end":{"line":4,"column":53}},"3":{"start":{"line":5,"column":4},"end":{"line":5,"column":34}},"4":{"start":{"line":8,"column":0},"end":{"line":8,"column":25}}},"fnMap":{"0":{"name":"(anonymous_0)","decl":{"start":{"line":2,"column":16},"end":{"line":2,"column":17}},"loc":{"start":{"line":2,"column":31},"end":{"line":6,"column":1}},"line":2}},"branchMap":{},"s":{"0":1,"1":2,"2":2,"3":2,"4":1},"f":{"0":2},"b":{},"_coverageSchema":"1a1c01bbd47fc00a2c39e90264f33305004495a9","hash":"296a0c5a711f496aaa2b02b6a1a4e2b4bd46d823"}
,"/Users/avery/WebstormProjects/xen2/backend/src/errors/genericError.js": {"path":"/Users/avery/WebstormProjects/xen2/backend/src/errors/genericError.js","statementMap":{"0":{"start":{"line":1,"column":21},"end":{"line":3,"column":1}},"1":{"start":{"line":2,"column":4},"end":{"line":2,"column":61}},"2":{"start":{"line":5,"column":0},"end":{"line":5,"column":30}}},"fnMap":{"0":{"name":"(anonymous_0)","decl":{"start":{"line":1,"column":21},"end":{"line":1,"column":22}},"loc":{"start":{"line":1,"column":35},"end":{"line":3,"column":1}},"line":1}},"branchMap":{},"s":{"0":1,"1":0,"2":1},"f":{"0":0},"b":{},"_coverageSchema":"1a1c01bbd47fc00a2c39e90264f33305004495a9","hash":"ff0c543442aa8c44333656e0b3c2bce821467855"}
,"/Users/avery/WebstormProjects/xen2/backend/src/errors/methodNotAllowed.js": {"path":"/Users/avery/WebstormProjects/xen2/backend/src/errors/methodNotAllowed.js","statementMap":{"0":{"start":{"line":1,"column":25},"end":{"line":6,"column":1}},"1":{"start":{"line":2,"column":4},"end":{"line":5,"column":6}},"2":{"start":{"line":8,"column":0},"end":{"line":8,"column":34}}},"fnMap":{"0":{"name":"(anonymous_0)","decl":{"start":{"line":1,"column":25},"end":{"line":1,"column":26}},"loc":{"start":{"line":1,"column":43},"end":{"line":6,"column":1}},"line":1}},"branchMap":{},"s":{"0":1,"1":0,"2":1},"f":{"0":0},"b":{},"_coverageSchema":"1a1c01bbd47fc00a2c39e90264f33305004495a9","hash":"eebd7648675c6ba8304f2368d22fd92e3e832fdd"}
,"/Users/avery/WebstormProjects/xen2/backend/src/errors/notFound.js": {"path":"/Users/avery/WebstormProjects/xen2/backend/src/errors/notFound.js","statementMap":{"0":{"start":{"line":1,"column":17},"end":{"line":3,"column":1}},"1":{"start":{"line":2,"column":4},"end":{"line":2,"column":74}},"2":{"start":{"line":5,"column":0},"end":{"line":5,"column":26}}},"fnMap":{"0":{"name":"(anonymous_0)","decl":{"start":{"line":1,"column":17},"end":{"line":1,"column":18}},"loc":{"start":{"line":1,"column":30},"end":{"line":3,"column":1}},"line":1}},"branchMap":{},"s":{"0":1,"1":0,"2":1},"f":{"0":0},"b":{},"_coverageSchema":"1a1c01bbd47fc00a2c39e90264f33305004495a9","hash":"35e26212941b8f6e8d1bcfc20029b2f46a54f523"}
,"/Users/avery/WebstormProjects/xen2/backend/src/users/users.controller.js": {"path":"/Users/avery/WebstormProjects/xen2/backend/src/users/users.controller.js","statementMap":{"0":{"start":{"line":1,"column":16},"end":{"line":1,"column":42}},"1":{"start":{"line":2,"column":27},"end":{"line":2,"column":66}},"2":{"start":{"line":3,"column":16},"end":{"line":3,"column":44}},"3":{"start":{"line":6,"column":23},"end":{"line":20,"column":1}},"4":{"start":{"line":7,"column":31},"end":{"line":7,"column":64}},"5":{"start":{"line":8,"column":30},"end":{"line":8,"column":32}},"6":{"start":{"line":9,"column":19},"end":{"line":9,"column":27}},"7":{"start":{"line":10,"column":4},"end":{"line":10,"column":80}},"8":{"start":{"line":10,"column":15},"end":{"line":10,"column":80}},"9":{"start":{"line":12,"column":4},"end":{"line":16,"column":6}},"10":{"start":{"line":13,"column":8},"end":{"line":15,"column":9}},"11":{"start":{"line":14,"column":12},"end":{"line":14,"column":44}},"12":{"start":{"line":17,"column":4},"end":{"line":19,"column":17}},"13":{"start":{"line":23,"column":13},"end":{"line":29,"column":1}},"14":{"start":{"line":24,"column":4},"end":{"line":28,"column":40}},"15":{"start":{"line":26,"column":12},"end":{"line":26,"column":29}},"16":{"start":{"line":28,"column":22},"end":{"line":28,"column":39}},"17":{"start":{"line":32,"column":15},"end":{"line":44,"column":1}},"18":{"start":{"line":33,"column":4},"end":{"line":43,"column":40}},"19":{"start":{"line":35,"column":12},"end":{"line":40,"column":14}},"20":{"start":{"line":43,"column":22},"end":{"line":43,"column":39}},"21":{"start":{"line":47,"column":13},"end":{"line":55,"column":1}},"22":{"start":{"line":48,"column":21},"end":{"line":48,"column":31}},"23":{"start":{"line":49,"column":4},"end":{"line":54,"column":45}},"24":{"start":{"line":51,"column":12},"end":{"line":51,"column":85}},"25":{"start":{"line":51,"column":30},"end":{"line":51,"column":85}},"26":{"start":{"line":52,"column":12},"end":{"line":52,"column":29}},"27":{"start":{"line":54,"column":22},"end":{"line":54,"column":44}},"28":{"start":{"line":57,"column":0},"end":{"line":64,"column":1}}},"fnMap":{"0":{"name":"(anonymous_0)","decl":{"start":{"line":6,"column":23},"end":{"line":6,"column":24}},"loc":{"start":{"line":6,"column":43},"end":{"line":20,"column":1}},"line":6},"1":{"name":"(anonymous_1)","decl":{"start":{"line":12,"column":31},"end":{"line":12,"column":32}},"loc":{"start":{"line":12,"column":43},"end":{"line":16,"column":5}},"line":12},"2":{"name":"(anonymous_2)","decl":{"start":{"line":23,"column":13},"end":{"line":23,"column":14}},"loc":{"start":{"line":23,"column":27},"end":{"line":29,"column":1}},"line":23},"3":{"name":"(anonymous_3)","decl":{"start":{"line":25,"column":14},"end":{"line":25,"column":15}},"loc":{"start":{"line":25,"column":22},"end":{"line":27,"column":9}},"line":25},"4":{"name":"(anonymous_4)","decl":{"start":{"line":28,"column":15},"end":{"line":28,"column":16}},"loc":{"start":{"line":28,"column":22},"end":{"line":28,"column":39}},"line":28},"5":{"name":"(anonymous_5)","decl":{"start":{"line":32,"column":15},"end":{"line":32,"column":16}},"loc":{"start":{"line":32,"column":29},"end":{"line":44,"column":1}},"line":32},"6":{"name":"(anonymous_6)","decl":{"start":{"line":34,"column":14},"end":{"line":34,"column":15}},"loc":{"start":{"line":34,"column":24},"end":{"line":42,"column":9}},"line":34},"7":{"name":"(anonymous_7)","decl":{"start":{"line":43,"column":15},"end":{"line":43,"column":16}},"loc":{"start":{"line":43,"column":22},"end":{"line":43,"column":39}},"line":43},"8":{"name":"(anonymous_8)","decl":{"start":{"line":47,"column":13},"end":{"line":47,"column":14}},"loc":{"start":{"line":47,"column":27},"end":{"line":55,"column":1}},"line":47},"9":{"name":"(anonymous_9)","decl":{"start":{"line":50,"column":14},"end":{"line":50,"column":15}},"loc":{"start":{"line":50,"column":22},"end":{"line":53,"column":9}},"line":50},"10":{"name":"(anonymous_10)","decl":{"start":{"line":54,"column":15},"end":{"line":54,"column":16}},"loc":{"start":{"line":54,"column":22},"end":{"line":54,"column":44}},"line":54}},"branchMap":{"0":{"loc":{"start":{"line":10,"column":4},"end":{"line":10,"column":80}},"type":"if","locations":[{"start":{"line":10,"column":4},"end":{"line":10,"column":80}},{"start":{},"end":{}}],"line":10},"1":{"loc":{"start":{"line":13,"column":8},"end":{"line":15,"column":9}},"type":"if","locations":[{"start":{"line":13,"column":8},"end":{"line":15,"column":9}},{"start":{},"end":{}}],"line":13},"2":{"loc":{"start":{"line":17,"column":11},"end":{"line":19,"column":16}},"type":"cond-expr","locations":[{"start":{"line":18,"column":10},"end":{"line":18,"column":94}},{"start":{"line":19,"column":10},"end":{"line":19,"column":16}}],"line":17},"3":{"loc":{"start":{"line":51,"column":12},"end":{"line":51,"column":85}},"type":"if","locations":[{"start":{"line":51,"column":12},"end":{"line":51,"column":85}},{"start":{},"end":{}}],"line":51}},"s":{"0":1,"1":1,"2":1,"3":1,"4":9,"5":9,"6":9,"7":9,"8":1,"9":8,"10":24,"11":4,"12":8,"13":1,"14":1,"15":1,"16":0,"17":1,"18":4,"19":2,"20":2,"21":1,"22":2,"23":2,"24":2,"25":1,"26":1,"27":0,"28":1},"f":{"0":9,"1":24,"2":1,"3":1,"4":0,"5":4,"6":2,"7":2,"8":2,"9":2,"10":0},"b":{"0":[1,8],"1":[4,20],"2":[4,4],"3":[1,1]},"_coverageSchema":"1a1c01bbd47fc00a2c39e90264f33305004495a9","hash":"f05daabe5850d623ac4ae10592a4e207e9a2a899"}
,"/Users/avery/WebstormProjects/xen2/backend/src/users/users.router.js": {"path":"/Users/avery/WebstormProjects/xen2/backend/src/users/users.router.js","statementMap":{"0":{"start":{"line":1,"column":15},"end":{"line":1,"column":61}},"1":{"start":{"line":2,"column":19},"end":{"line":2,"column":48}},"2":{"start":{"line":3,"column":25},"end":{"line":3,"column":62}},"3":{"start":{"line":5,"column":0},"end":{"line":8,"column":27}},"4":{"start":{"line":10,"column":0},"end":{"line":12,"column":27}},"5":{"start":{"line":14,"column":0},"end":{"line":14,"column":24}}},"fnMap":{},"branchMap":{},"s":{"0":1,"1":1,"2":1,"3":1,"4":1,"5":1},"f":{},"b":{},"_coverageSchema":"1a1c01bbd47fc00a2c39e90264f33305004495a9","hash":"e4c9652750dadadbc1943fe6037bb798a2af6f30"}
,"/Users/avery/WebstormProjects/xen2/backend/src/users/users.service.js": {"path":"/Users/avery/WebstormProjects/xen2/backend/src/users/users.service.js","statementMap":{"0":{"start":{"line":1,"column":13},"end":{"line":1,"column":40}},"1":{"start":{"line":4,"column":13},"end":{"line":6,"column":1}},"2":{"start":{"line":5,"column":4},"end":{"line":5,"column":37}},"3":{"start":{"line":9,"column":15},"end":{"line":11,"column":1}},"4":{"start":{"line":10,"column":4},"end":{"line":10,"column":43}},"5":{"start":{"line":14,"column":13},"end":{"line":18,"column":1}},"6":{"start":{"line":15,"column":4},"end":{"line":17,"column":28}},"7":{"start":{"line":20,"column":0},"end":{"line":24,"column":1}}},"fnMap":{"0":{"name":"(anonymous_0)","decl":{"start":{"line":4,"column":13},"end":{"line":4,"column":14}},"loc":{"start":{"line":4,"column":19},"end":{"line":6,"column":1}},"line":4},"1":{"name":"(anonymous_1)","decl":{"start":{"line":9,"column":15},"end":{"line":9,"column":16}},"loc":{"start":{"line":9,"column":25},"end":{"line":11,"column":1}},"line":9},"2":{"name":"(anonymous_2)","decl":{"start":{"line":14,"column":13},"end":{"line":14,"column":14}},"loc":{"start":{"line":14,"column":21},"end":{"line":18,"column":1}},"line":14}},"branchMap":{},"s":{"0":1,"1":1,"2":1,"3":1,"4":4,"5":1,"6":3,"7":1},"f":{"0":1,"1":4,"2":3},"b":{},"_coverageSchema":"1a1c01bbd47fc00a2c39e90264f33305004495a9","hash":"b27b6ba6e5e901ce476aed6b61519771ee182b45"}
,"/Users/avery/WebstormProjects/xen2/backend/test/makeTestApp.js": {"path":"/Users/avery/WebstormProjects/xen2/backend/test/makeTestApp.js","statementMap":{"0":{"start":{"line":1,"column":16},"end":{"line":1,"column":34}},"1":{"start":{"line":2,"column":13},"end":{"line":2,"column":28}},"2":{"start":{"line":3,"column":17},"end":{"line":3,"column":50}},"3":{"start":{"line":4,"column":21},"end":{"line":4,"column":58}},"4":{"start":{"line":7,"column":16},"end":{"line":7,"column":25}},"5":{"start":{"line":8,"column":4},"end":{"line":8,"column":28}},"6":{"start":{"line":9,"column":4},"end":{"line":9,"column":20}},"7":{"start":{"line":10,"column":4},"end":{"line":10,"column":26}},"8":{"start":{"line":11,"column":4},"end":{"line":11,"column":22}},"9":{"start":{"line":12,"column":4},"end":{"line":12,"column":26}},"10":{"start":{"line":13,"column":4},"end":{"line":13,"column":15}},"11":{"start":{"line":16,"column":0},"end":{"line":16,"column":29}}},"fnMap":{"0":{"name":"makeTestApp","decl":{"start":{"line":6,"column":9},"end":{"line":6,"column":20}},"loc":{"start":{"line":6,"column":35},"end":{"line":14,"column":1}},"line":6}},"branchMap":{},"s":{"0":1,"1":1,"2":1,"3":1,"4":1,"5":1,"6":1,"7":1,"8":1,"9":1,"10":1,"11":1},"f":{"0":1},"b":{},"_coverageSchema":"1a1c01bbd47fc00a2c39e90264f33305004495a9","hash":"da35f3e48c7f8646671ec96450833a007eba0386"}
}
