{"/Users/avery/WebstormProjects/xen2/backend/knexfile.js": {"path":"/Users/avery/WebstormProjects/xen2/backend/knexfile.js","statementMap":{"0":{"start":{"line":1,"column":0},"end":{"line":1,"column":27}},"1":{"start":{"line":3,"column":0},"end":{"line":13,"column":1}}},"fnMap":{},"branchMap":{},"s":{"0":1,"1":1},"f":{},"b":{},"_coverageSchema":"1a1c01bbd47fc00a2c39e90264f33305004495a9","hash":"e66f963db023684ba027c1748a26fc2bb7ed0b8c"}
,"/Users/avery/WebstormProjects/xen2/backend/src/auth/jwtAuth.js": {"path":"/Users/avery/WebstormProjects/xen2/backend/src/auth/jwtAuth.js","statementMap":{"0":{"start":{"line":1,"column":0},"end":{"line":1,"column":27}},"1":{"start":{"line":2,"column":12},"end":{"line":2,"column":35}},"2":{"start":{"line":3,"column":18},"end":{"line":3,"column":29}},"3":{"start":{"line":5,"column":14},"end":{"line":5,"column":51}},"4":{"start":{"line":8,"column":4},"end":{"line":32,"column":5}},"5":{"start":{"line":9,"column":8},"end":{"line":16,"column":9}},"6":{"start":{"line":10,"column":12},"end":{"line":14,"column":13}},"7":{"start":{"line":15,"column":12},"end":{"line":15,"column":26}},"8":{"start":{"line":17,"column":22},"end":{"line":17,"column":61}},"9":{"start":{"line":18,"column":8},"end":{"line":27,"column":10}},"10":{"start":{"line":19,"column":12},"end":{"line":26,"column":13}},"11":{"start":{"line":20,"column":16},"end":{"line":22,"column":18}},"12":{"start":{"line":24,"column":16},"end":{"line":24,"column":35}},"13":{"start":{"line":25,"column":16},"end":{"line":25,"column":23}},"14":{"start":{"line":29,"column":8},"end":{"line":31,"column":10}},"15":{"start":{"line":35,"column":0},"end":{"line":35,"column":25}}},"fnMap":{"0":{"name":"jwtAuth","decl":{"start":{"line":7,"column":9},"end":{"line":7,"column":16}},"loc":{"start":{"line":7,"column":33},"end":{"line":33,"column":1}},"line":7},"1":{"name":"(anonymous_1)","decl":{"start":{"line":18,"column":41},"end":{"line":18,"column":42}},"loc":{"start":{"line":18,"column":59},"end":{"line":27,"column":9}},"line":18}},"branchMap":{"0":{"loc":{"start":{"line":8,"column":4},"end":{"line":32,"column":5}},"type":"if","locations":[{"start":{"line":8,"column":4},"end":{"line":32,"column":5}},{"start":{"line":28,"column":11},"end":{"line":32,"column":5}}],"line":8},"1":{"loc":{"start":{"line":9,"column":8},"end":{"line":16,"column":9}},"type":"if","locations":[{"start":{"line":9,"column":8},"end":{"line":16,"column":9}},{"start":{},"end":{}}],"line":9},"2":{"loc":{"start":{"line":9,"column":12},"end":{"line":9,"column":65}},"type":"binary-expr","locations":[{"start":{"line":9,"column":12},"end":{"line":9,"column":17}},{"start":{"line":9,"column":21},"end":{"line":9,"column":65}}],"line":9},"3":{"loc":{"start":{"line":19,"column":12},"end":{"line":26,"column":13}},"type":"if","locations":[{"start":{"line":19,"column":12},"end":{"line":26,"column":13}},{"start":{"line":23,"column":19},"end":{"line":26,"column":13}}],"line":19}},"s":{"0":1,"1":1,"2":1,"3":1,"4":0,"5":0,"6":0,"7":0,"8":0,"9":0,"10":0,"11":0,"12":0,"13":0,"14":0,"15":1},"f":{"0":0,"1":0},"b":{"0":[0,0],"1":[0,0],"2":[0,0],"3":[0,0]},"_coverageSchema":"1a1c01bbd47fc00a2c39e90264f33305004495a9","hash":"669ee9604363f2b1641ab62525b3d1905b7781ce"}
,"/Users/avery/WebstormProjects/xen2/backend/src/comments/comments.controller.js": {"path":"/Users/avery/WebstormProjects/xen2/backend/src/comments/comments.controller.js","statementMap":{"0":{"start":{"line":1,"column":16},"end":{"line":1,"column":42}},"1":{"start":{"line":2,"column":16},"end":{"line":2,"column":45}},"2":{"start":{"line":9,"column":4},"end":{"line":16,"column":10}},"3":{"start":{"line":10,"column":26},"end":{"line":10,"column":46}},"4":{"start":{"line":12,"column":12},"end":{"line":15,"column":14}},"5":{"start":{"line":21,"column":4},"end":{"line":28,"column":10}},"6":{"start":{"line":22,"column":25},"end":{"line":22,"column":44}},"7":{"start":{"line":24,"column":12},"end":{"line":27,"column":14}},"8":{"start":{"line":35,"column":0},"end":{"line":40,"column":1}}},"fnMap":{"0":{"name":"create","decl":{"start":{"line":4,"column":9},"end":{"line":4,"column":15}},"loc":{"start":{"line":4,"column":30},"end":{"line":6,"column":1}},"line":4},"1":{"name":"list","decl":{"start":{"line":8,"column":9},"end":{"line":8,"column":13}},"loc":{"start":{"line":8,"column":28},"end":{"line":18,"column":1}},"line":8},"2":{"name":"(anonymous_2)","decl":{"start":{"line":10,"column":14},"end":{"line":10,"column":15}},"loc":{"start":{"line":10,"column":26},"end":{"line":10,"column":46}},"line":10},"3":{"name":"(anonymous_3)","decl":{"start":{"line":11,"column":15},"end":{"line":11,"column":16}},"loc":{"start":{"line":11,"column":21},"end":{"line":16,"column":9}},"line":11},"4":{"name":"read","decl":{"start":{"line":20,"column":9},"end":{"line":20,"column":13}},"loc":{"start":{"line":20,"column":28},"end":{"line":29,"column":1}},"line":20},"5":{"name":"(anonymous_5)","decl":{"start":{"line":22,"column":14},"end":{"line":22,"column":15}},"loc":{"start":{"line":22,"column":25},"end":{"line":22,"column":44}},"line":22},"6":{"name":"(anonymous_6)","decl":{"start":{"line":23,"column":15},"end":{"line":23,"column":16}},"loc":{"start":{"line":23,"column":21},"end":{"line":28,"column":9}},"line":23},"7":{"name":"remove","decl":{"start":{"line":31,"column":9},"end":{"line":31,"column":15}},"loc":{"start":{"line":31,"column":30},"end":{"line":33,"column":1}},"line":31}},"branchMap":{},"s":{"0":1,"1":1,"2":1,"3":1,"4":0,"5":1,"6":1,"7":0,"8":1},"f":{"0":0,"1":1,"2":1,"3":0,"4":1,"5":1,"6":0,"7":0},"b":{},"_coverageSchema":"1a1c01bbd47fc00a2c39e90264f33305004495a9","hash":"cef0a4f49c612b909bebcc44fe4f76b45c6f6350"}
,"/Users/avery/WebstormProjects/xen2/backend/src/comments/comments.router.js": {"path":"/Users/avery/WebstormProjects/xen2/backend/src/comments/comments.router.js","statementMap":{"0":{"start":{"line":1,"column":15},"end":{"line":1,"column":61}},"1":{"start":{"line":2,"column":19},"end":{"line":2,"column":51}},"2":{"start":{"line":3,"column":25},"end":{"line":3,"column":62}},"3":{"start":{"line":5,"column":0},"end":{"line":8,"column":27}},"4":{"start":{"line":9,"column":0},"end":{"line":12,"column":27}},"5":{"start":{"line":14,"column":0},"end":{"line":14,"column":24}}},"fnMap":{},"branchMap":{},"s":{"0":1,"1":1,"2":1,"3":1,"4":1,"5":1},"f":{},"b":{},"_coverageSchema":"1a1c01bbd47fc00a2c39e90264f33305004495a9","hash":"e62d6682faf8f44f9c8c99c081be513ff103d465"}
,"/Users/avery/WebstormProjects/xen2/backend/src/comments/comments.service.js": {"path":"/Users/avery/WebstormProjects/xen2/backend/src/comments/comments.service.js","statementMap":{"0":{"start":{"line":1,"column":13},"end":{"line":1,"column":40}},"1":{"start":{"line":4,"column":2},"end":{"line":6,"column":33}},"2":{"start":{"line":6,"column":21},"end":{"line":6,"column":31}},"3":{"start":{"line":10,"column":4},"end":{"line":14,"column":35}},"4":{"start":{"line":14,"column":26},"end":{"line":14,"column":34}},"5":{"start":{"line":18,"column":4},"end":{"line":21,"column":36}},"6":{"start":{"line":21,"column":25},"end":{"line":21,"column":35}},"7":{"start":{"line":25,"column":4},"end":{"line":27,"column":18}},"8":{"start":{"line":30,"column":0},"end":{"line":35,"column":1}}},"fnMap":{"0":{"name":"create","decl":{"start":{"line":3,"column":9},"end":{"line":3,"column":15}},"loc":{"start":{"line":3,"column":25},"end":{"line":7,"column":1}},"line":3},"1":{"name":"(anonymous_1)","decl":{"start":{"line":6,"column":10},"end":{"line":6,"column":11}},"loc":{"start":{"line":6,"column":21},"end":{"line":6,"column":31}},"line":6},"2":{"name":"list","decl":{"start":{"line":9,"column":9},"end":{"line":9,"column":13}},"loc":{"start":{"line":9,"column":22},"end":{"line":15,"column":1}},"line":9},"3":{"name":"(anonymous_3)","decl":{"start":{"line":14,"column":14},"end":{"line":14,"column":15}},"loc":{"start":{"line":14,"column":26},"end":{"line":14,"column":34}},"line":14},"4":{"name":"read","decl":{"start":{"line":17,"column":9},"end":{"line":17,"column":13}},"loc":{"start":{"line":17,"column":25},"end":{"line":22,"column":1}},"line":17},"5":{"name":"(anonymous_5)","decl":{"start":{"line":21,"column":14},"end":{"line":21,"column":15}},"loc":{"start":{"line":21,"column":25},"end":{"line":21,"column":35}},"line":21},"6":{"name":"remove","decl":{"start":{"line":24,"column":9},"end":{"line":24,"column":15}},"loc":{"start":{"line":24,"column":27},"end":{"line":28,"column":1}},"line":24}},"branchMap":{},"s":{"0":1,"1":0,"2":0,"3":1,"4":1,"5":1,"6":1,"7":0,"8":1},"f":{"0":0,"1":0,"2":1,"3":1,"4":1,"5":1,"6":0},"b":{},"_coverageSchema":"1a1c01bbd47fc00a2c39e90264f33305004495a9","hash":"558cfa9c8582b6aacf82696b802390b7b8a3ee72"}
,"/Users/avery/WebstormProjects/xen2/backend/src/db/connection.js": {"path":"/Users/avery/WebstormProjects/xen2/backend/src/db/connection.js","statementMap":{"0":{"start":{"line":1,"column":0},"end":{"line":1,"column":27}},"1":{"start":{"line":2,"column":14},"end":{"line":2,"column":29}},"2":{"start":{"line":3,"column":15},"end":{"line":3,"column":43}},"3":{"start":{"line":4,"column":13},"end":{"line":4,"column":38}},"4":{"start":{"line":6,"column":0},"end":{"line":6,"column":22}}},"fnMap":{},"branchMap":{},"s":{"0":1,"1":1,"2":1,"3":1,"4":1},"f":{},"b":{},"_coverageSchema":"1a1c01bbd47fc00a2c39e90264f33305004495a9","hash":"53693dc82462b8c3c43d294a6e8702d00c326a3b"}
,"/Users/avery/WebstormProjects/xen2/backend/src/db/config/testCommentData.js": {"path":"/Users/avery/WebstormProjects/xen2/backend/src/db/config/testCommentData.js","statementMap":{"0":{"start":{"line":2,"column":17},"end":{"line":7,"column":1}},"1":{"start":{"line":9,"column":0},"end":{"line":9,"column":26}}},"fnMap":{},"branchMap":{},"s":{"0":1,"1":1},"f":{},"b":{},"_coverageSchema":"1a1c01bbd47fc00a2c39e90264f33305004495a9","hash":"a2537d7fd02c7406234bb8d4f9a7627b47c13141"}
,"/Users/avery/WebstormProjects/xen2/backend/src/db/config/testPostData.js": {"path":"/Users/avery/WebstormProjects/xen2/backend/src/db/config/testPostData.js","statementMap":{"0":{"start":{"line":2,"column":16},"end":{"line":2,"column":52}},"1":{"start":{"line":3,"column":14},"end":{"line":7,"column":1}},"2":{"start":{"line":9,"column":0},"end":{"line":9,"column":23}}},"fnMap":{},"branchMap":{},"s":{"0":1,"1":1,"2":1},"f":{},"b":{},"_coverageSchema":"1a1c01bbd47fc00a2c39e90264f33305004495a9","hash":"98fdc18e553c7a816c91500b798ecbd22df03537"}
,"/Users/avery/WebstormProjects/xen2/backend/src/db/config/testUserData.js": {"path":"/Users/avery/WebstormProjects/xen2/backend/src/db/config/testUserData.js","statementMap":{"0":{"start":{"line":1,"column":15},"end":{"line":1,"column":34}},"1":{"start":{"line":2,"column":16},"end":{"line":2,"column":52}},"2":{"start":{"line":3,"column":14},"end":{"line":9,"column":1}},"3":{"start":{"line":11,"column":0},"end":{"line":16,"column":2}},"4":{"start":{"line":12,"column":4},"end":{"line":15,"column":10}},"5":{"start":{"line":14,"column":12},"end":{"line":14,"column":33}},"6":{"start":{"line":18,"column":0},"end":{"line":18,"column":23}}},"fnMap":{"0":{"name":"(anonymous_0)","decl":{"start":{"line":11,"column":14},"end":{"line":11,"column":15}},"loc":{"start":{"line":11,"column":22},"end":{"line":16,"column":1}},"line":11},"1":{"name":"(anonymous_1)","decl":{"start":{"line":13,"column":14},"end":{"line":13,"column":15}},"loc":{"start":{"line":13,"column":22},"end":{"line":15,"column":9}},"line":13}},"branchMap":{},"s":{"0":1,"1":1,"2":1,"3":1,"4":5,"5":5,"6":1},"f":{"0":5,"1":5},"b":{},"_coverageSchema":"1a1c01bbd47fc00a2c39e90264f33305004495a9","hash":"7362ef0c18259bdd7af3defc3fa35324a9d2f715"}
,"/Users/avery/WebstormProjects/xen2/backend/src/db/seeds/0_reset.js": {"path":"/Users/avery/WebstormProjects/xen2/backend/src/db/seeds/0_reset.js","statementMap":{"0":{"start":{"line":6,"column":0},"end":{"line":11,"column":2}},"1":{"start":{"line":7,"column":4},"end":{"line":7,"column":67}},"2":{"start":{"line":8,"column":4},"end":{"line":8,"column":67}},"3":{"start":{"line":9,"column":4},"end":{"line":9,"column":70}}},"fnMap":{"0":{"name":"(anonymous_0)","decl":{"start":{"line":6,"column":15},"end":{"line":6,"column":16}},"loc":{"start":{"line":6,"column":36},"end":{"line":11,"column":1}},"line":6}},"branchMap":{},"s":{"0":1,"1":1,"2":1,"3":1},"f":{"0":1},"b":{},"_coverageSchema":"1a1c01bbd47fc00a2c39e90264f33305004495a9","hash":"b6880b905bf65858f993b4a55012c92e396b90c9"}
,"/Users/avery/WebstormProjects/xen2/backend/src/db/seeds/1_users.js": {"path":"/Users/avery/WebstormProjects/xen2/backend/src/db/seeds/1_users.js","statementMap":{"0":{"start":{"line":6,"column":22},"end":{"line":6,"column":55}},"1":{"start":{"line":7,"column":1},"end":{"line":9,"column":2}},"2":{"start":{"line":8,"column":2},"end":{"line":8,"column":43}}},"fnMap":{"0":{"name":"(anonymous_0)","decl":{"start":{"line":7,"column":16},"end":{"line":7,"column":17}},"loc":{"start":{"line":7,"column":37},"end":{"line":9,"column":1}},"line":7}},"branchMap":{},"s":{"0":1,"1":1,"2":0},"f":{"0":0},"b":{},"_coverageSchema":"1a1c01bbd47fc00a2c39e90264f33305004495a9","hash":"763c911539511c1f5f10fd6b4d4b645bbf7b5762"}
,"/Users/avery/WebstormProjects/xen2/backend/src/db/seeds/2_posts.js": {"path":"/Users/avery/WebstormProjects/xen2/backend/src/db/seeds/2_posts.js","statementMap":{"0":{"start":{"line":5,"column":21},"end":{"line":5,"column":57}},"1":{"start":{"line":6,"column":0},"end":{"line":8,"column":2}},"2":{"start":{"line":7,"column":2},"end":{"line":7,"column":42}}},"fnMap":{"0":{"name":"(anonymous_0)","decl":{"start":{"line":6,"column":15},"end":{"line":6,"column":16}},"loc":{"start":{"line":6,"column":36},"end":{"line":8,"column":1}},"line":6}},"branchMap":{},"s":{"0":1,"1":1,"2":0},"f":{"0":0},"b":{},"_coverageSchema":"1a1c01bbd47fc00a2c39e90264f33305004495a9","hash":"2530cdcefb5fb37131090cd86e801d4ed7af176b"}
,"/Users/avery/WebstormProjects/xen2/backend/src/db/seeds/3_comments.js": {"path":"/Users/avery/WebstormProjects/xen2/backend/src/db/seeds/3_comments.js","statementMap":{"0":{"start":{"line":5,"column":24},"end":{"line":5,"column":63}},"1":{"start":{"line":6,"column":0},"end":{"line":8,"column":2}},"2":{"start":{"line":7,"column":2},"end":{"line":7,"column":48}}},"fnMap":{"0":{"name":"(anonymous_0)","decl":{"start":{"line":6,"column":15},"end":{"line":6,"column":16}},"loc":{"start":{"line":6,"column":36},"end":{"line":8,"column":1}},"line":6}},"branchMap":{},"s":{"0":1,"1":1,"2":0},"f":{"0":0},"b":{},"_coverageSchema":"1a1c01bbd47fc00a2c39e90264f33305004495a9","hash":"6aed991ae775136aac883a039740736f4e7920b8"}
,"/Users/avery/WebstormProjects/xen2/backend/src/errors/errorHandler.js": {"path":"/Users/avery/WebstormProjects/xen2/backend/src/errors/errorHandler.js","statementMap":{"0":{"start":{"line":3,"column":64},"end":{"line":3,"column":69}},"1":{"start":{"line":4,"column":4},"end":{"line":4,"column":53}},"2":{"start":{"line":7,"column":0},"end":{"line":7,"column":30}}},"fnMap":{"0":{"name":"errorHandler","decl":{"start":{"line":1,"column":9},"end":{"line":1,"column":21}},"loc":{"start":{"line":1,"column":54},"end":{"line":5,"column":1}},"line":1}},"branchMap":{"0":{"loc":{"start":{"line":3,"column":12},"end":{"line":3,"column":24}},"type":"default-arg","locations":[{"start":{"line":3,"column":21},"end":{"line":3,"column":24}}],"line":3},"1":{"loc":{"start":{"line":3,"column":26},"end":{"line":3,"column":59}},"type":"default-arg","locations":[{"start":{"line":3,"column":36},"end":{"line":3,"column":59}}],"line":3}},"s":{"0":0,"1":0,"2":1},"f":{"0":0},"b":{"0":[0],"1":[0]},"_coverageSchema":"1a1c01bbd47fc00a2c39e90264f33305004495a9","hash":"34bbf944f46b2a8c5d11fd7edbf20ad4369e00a7"}
,"/Users/avery/WebstormProjects/xen2/backend/src/errors/methodNotAllowed.js": {"path":"/Users/avery/WebstormProjects/xen2/backend/src/errors/methodNotAllowed.js","statementMap":{"0":{"start":{"line":2,"column":4},"end":{"line":5,"column":7}},"1":{"start":{"line":8,"column":0},"end":{"line":8,"column":34}}},"fnMap":{"0":{"name":"methodNotAllowed","decl":{"start":{"line":1,"column":9},"end":{"line":1,"column":25}},"loc":{"start":{"line":1,"column":51},"end":{"line":6,"column":1}},"line":1}},"branchMap":{},"s":{"0":0,"1":1},"f":{"0":0},"b":{},"_coverageSchema":"1a1c01bbd47fc00a2c39e90264f33305004495a9","hash":"9dc32e02ab41b83b369fb34b36f6a44fc4bc8d76"}
,"/Users/avery/WebstormProjects/xen2/backend/src/errors/notFound.js": {"path":"/Users/avery/WebstormProjects/xen2/backend/src/errors/notFound.js","statementMap":{"0":{"start":{"line":2,"column":4},"end":{"line":2,"column":77}},"1":{"start":{"line":5,"column":0},"end":{"line":5,"column":26}}},"fnMap":{"0":{"name":"notFound","decl":{"start":{"line":1,"column":9},"end":{"line":1,"column":17}},"loc":{"start":{"line":1,"column":43},"end":{"line":3,"column":1}},"line":1}},"branchMap":{},"s":{"0":0,"1":1},"f":{"0":0},"b":{},"_coverageSchema":"1a1c01bbd47fc00a2c39e90264f33305004495a9","hash":"4a458b65df0308e69fa08701ff926c989da2581e"}
,"/Users/avery/WebstormProjects/xen2/backend/src/posts/posts.service.js": {"path":"/Users/avery/WebstormProjects/xen2/backend/src/posts/posts.service.js","statementMap":{"0":{"start":{"line":1,"column":13},"end":{"line":1,"column":40}},"1":{"start":{"line":3,"column":13},"end":{"line":3,"column":44}},"2":{"start":{"line":3,"column":19},"end":{"line":3,"column":44}},"3":{"start":{"line":6,"column":4},"end":{"line":8,"column":34}},"4":{"start":{"line":12,"column":4},"end":{"line":13,"column":28}},"5":{"start":{"line":17,"column":4},"end":{"line":31,"column":11}},"6":{"start":{"line":21,"column":29},"end":{"line":21,"column":43}},"7":{"start":{"line":22,"column":12},"end":{"line":30,"column":13}},"8":{"start":{"line":23,"column":16},"end":{"line":23,"column":29}},"9":{"start":{"line":25,"column":16},"end":{"line":29,"column":32}},"10":{"start":{"line":35,"column":0},"end":{"line":37,"column":1}}},"fnMap":{"0":{"name":"(anonymous_0)","decl":{"start":{"line":3,"column":13},"end":{"line":3,"column":14}},"loc":{"start":{"line":3,"column":19},"end":{"line":3,"column":44}},"line":3},"1":{"name":"read","decl":{"start":{"line":5,"column":9},"end":{"line":5,"column":13}},"loc":{"start":{"line":5,"column":22},"end":{"line":9,"column":1}},"line":5},"2":{"name":"create","decl":{"start":{"line":11,"column":9},"end":{"line":11,"column":15}},"loc":{"start":{"line":11,"column":22},"end":{"line":14,"column":1}},"line":11},"3":{"name":"toggleLike","decl":{"start":{"line":16,"column":15},"end":{"line":16,"column":25}},"loc":{"start":{"line":16,"column":50},"end":{"line":33,"column":1}},"line":16},"4":{"name":"(anonymous_4)","decl":{"start":{"line":20,"column":14},"end":{"line":20,"column":15}},"loc":{"start":{"line":20,"column":23},"end":{"line":31,"column":9}},"line":20}},"branchMap":{"0":{"loc":{"start":{"line":22,"column":12},"end":{"line":30,"column":13}},"type":"if","locations":[{"start":{"line":22,"column":12},"end":{"line":30,"column":13}},{"start":{"line":24,"column":19},"end":{"line":30,"column":13}}],"line":22},"1":{"loc":{"start":{"line":22,"column":16},"end":{"line":22,"column":79}},"type":"cond-expr","locations":[{"start":{"line":22,"column":25},"end":{"line":22,"column":50}},{"start":{"line":22,"column":53},"end":{"line":22,"column":79}}],"line":22},"2":{"loc":{"start":{"line":28,"column":49},"end":{"line":28,"column":77}},"type":"cond-expr","locations":[{"start":{"line":28,"column":58},"end":{"line":28,"column":66}},{"start":{"line":28,"column":69},"end":{"line":28,"column":77}}],"line":28}},"s":{"0":1,"1":1,"2":0,"3":0,"4":0,"5":0,"6":0,"7":0,"8":0,"9":0,"10":1},"f":{"0":0,"1":0,"2":0,"3":0,"4":0},"b":{"0":[0,0],"1":[0,0],"2":[0,0]},"_coverageSchema":"1a1c01bbd47fc00a2c39e90264f33305004495a9","hash":"1dc370daf34648c13ad8a234ef3dabcd88db681a"}
,"/Users/avery/WebstormProjects/xen2/backend/src/users/users.service.js": {"path":"/Users/avery/WebstormProjects/xen2/backend/src/users/users.service.js","statementMap":{"0":{"start":{"line":1,"column":13},"end":{"line":1,"column":40}},"1":{"start":{"line":2,"column":15},"end":{"line":2,"column":34}},"2":{"start":{"line":3,"column":12},"end":{"line":3,"column":35}},"3":{"start":{"line":5,"column":13},"end":{"line":5,"column":44}},"4":{"start":{"line":5,"column":19},"end":{"line":5,"column":44}},"5":{"start":{"line":8,"column":15},"end":{"line":14,"column":1}},"6":{"start":{"line":9,"column":4},"end":{"line":12,"column":10}},"7":{"start":{"line":11,"column":12},"end":{"line":11,"column":33}},"8":{"start":{"line":13,"column":4},"end":{"line":13,"column":44}},"9":{"start":{"line":16,"column":25},"end":{"line":26,"column":1}},"10":{"start":{"line":17,"column":16},"end":{"line":19,"column":41}},"11":{"start":{"line":21,"column":4},"end":{"line":21,"column":34}},"12":{"start":{"line":21,"column":21},"end":{"line":21,"column":34}},"13":{"start":{"line":23,"column":4},"end":{"line":25,"column":16}},"14":{"start":{"line":28,"column":21},"end":{"line":28,"column":60}},"15":{"start":{"line":28,"column":35},"end":{"line":28,"column":60}},"16":{"start":{"line":31,"column":13},"end":{"line":35,"column":1}},"17":{"start":{"line":32,"column":4},"end":{"line":34,"column":30}},"18":{"start":{"line":37,"column":24},"end":{"line":40,"column":1}},"19":{"start":{"line":38,"column":4},"end":{"line":39,"column":54}},"20":{"start":{"line":41,"column":0},"end":{"line":48,"column":1}}},"fnMap":{"0":{"name":"(anonymous_0)","decl":{"start":{"line":5,"column":13},"end":{"line":5,"column":14}},"loc":{"start":{"line":5,"column":19},"end":{"line":5,"column":44}},"line":5},"1":{"name":"(anonymous_1)","decl":{"start":{"line":8,"column":15},"end":{"line":8,"column":16}},"loc":{"start":{"line":8,"column":31},"end":{"line":14,"column":1}},"line":8},"2":{"name":"(anonymous_2)","decl":{"start":{"line":10,"column":14},"end":{"line":10,"column":15}},"loc":{"start":{"line":10,"column":22},"end":{"line":12,"column":9}},"line":10},"3":{"name":"(anonymous_3)","decl":{"start":{"line":16,"column":25},"end":{"line":16,"column":26}},"loc":{"start":{"line":16,"column":56},"end":{"line":26,"column":1}},"line":16},"4":{"name":"(anonymous_4)","decl":{"start":{"line":28,"column":21},"end":{"line":28,"column":22}},"loc":{"start":{"line":28,"column":35},"end":{"line":28,"column":60}},"line":28},"5":{"name":"(anonymous_5)","decl":{"start":{"line":31,"column":13},"end":{"line":31,"column":14}},"loc":{"start":{"line":31,"column":21},"end":{"line":35,"column":1}},"line":31},"6":{"name":"(anonymous_6)","decl":{"start":{"line":37,"column":24},"end":{"line":37,"column":25}},"loc":{"start":{"line":37,"column":38},"end":{"line":40,"column":1}},"line":37}},"branchMap":{"0":{"loc":{"start":{"line":21,"column":4},"end":{"line":21,"column":34}},"type":"if","locations":[{"start":{"line":21,"column":4},"end":{"line":21,"column":34}},{"start":{},"end":{}}],"line":21},"1":{"loc":{"start":{"line":23,"column":11},"end":{"line":25,"column":15}},"type":"cond-expr","locations":[{"start":{"line":24,"column":10},"end":{"line":24,"column":63}},{"start":{"line":25,"column":10},"end":{"line":25,"column":15}}],"line":23}},"s":{"0":1,"1":1,"2":1,"3":1,"4":0,"5":1,"6":0,"7":0,"8":0,"9":1,"10":0,"11":0,"12":0,"13":0,"14":1,"15":5,"16":1,"17":0,"18":1,"19":0,"20":1},"f":{"0":0,"1":0,"2":0,"3":0,"4":5,"5":0,"6":0},"b":{"0":[0,0],"1":[0,0]},"_coverageSchema":"1a1c01bbd47fc00a2c39e90264f33305004495a9","hash":"c58fd262e13b864f938a94c127132890facdcbcc"}
,"/Users/avery/WebstormProjects/xen2/backend/test/makeTestApp.js": {"path":"/Users/avery/WebstormProjects/xen2/backend/test/makeTestApp.js","statementMap":{"0":{"start":{"line":1,"column":16},"end":{"line":1,"column":34}},"1":{"start":{"line":2,"column":13},"end":{"line":2,"column":28}},"2":{"start":{"line":3,"column":17},"end":{"line":3,"column":50}},"3":{"start":{"line":4,"column":21},"end":{"line":4,"column":58}},"4":{"start":{"line":7,"column":16},"end":{"line":7,"column":25}},"5":{"start":{"line":8,"column":4},"end":{"line":8,"column":28}},"6":{"start":{"line":9,"column":4},"end":{"line":9,"column":20}},"7":{"start":{"line":10,"column":4},"end":{"line":10,"column":26}},"8":{"start":{"line":11,"column":4},"end":{"line":11,"column":22}},"9":{"start":{"line":12,"column":4},"end":{"line":12,"column":26}},"10":{"start":{"line":13,"column":4},"end":{"line":13,"column":15}},"11":{"start":{"line":16,"column":0},"end":{"line":16,"column":29}}},"fnMap":{"0":{"name":"makeTestApp","decl":{"start":{"line":6,"column":9},"end":{"line":6,"column":20}},"loc":{"start":{"line":6,"column":35},"end":{"line":14,"column":1}},"line":6}},"branchMap":{},"s":{"0":1,"1":1,"2":1,"3":1,"4":1,"5":1,"6":1,"7":1,"8":1,"9":1,"10":1,"11":1},"f":{"0":1},"b":{},"_coverageSchema":"1a1c01bbd47fc00a2c39e90264f33305004495a9","hash":"da35f3e48c7f8646671ec96450833a007eba0386"}
}
