TN:
SF:knexfile.js
FNF:0
FNH:0
DA:1,1
DA:3,1
LF:2
LH:2
BRF:0
BRH:0
end_of_record
TN:
SF:src\db\connection.js
FNF:0
FNH:0
DA:1,1
DA:3,1
DA:4,1
DA:5,1
DA:7,1
LF:5
LH:5
BRDA:3,0,0,1
BRDA:3,0,1,0
BRF:2
BRH:1
end_of_record
TN:
SF:src\errors\asyncErrorBoundary.js
FN:1,(anonymous_0)
FN:2,(anonymous_1)
FN:4,(anonymous_2)
FN:5,(anonymous_3)
FNF:4
FNH:0
FNDA:0,(anonymous_0)
FNDA:0,(anonymous_1)
FNDA:0,(anonymous_2)
FNDA:0,(anonymous_3)
DA:1,1
DA:2,0
DA:3,0
DA:4,0
DA:6,0
DA:7,0
DA:15,1
LF:7
LH:2
BRDA:5,0,0,0
BRDA:6,1,0,0
BRDA:6,2,0,0
BRF:3
BRH:0
end_of_record
TN:
SF:src\errors\dbError.js
FN:2,(anonymous_0)
FNF:1
FNH:1
FNDA:1,(anonymous_0)
DA:2,1
DA:3,1
DA:4,1
DA:5,1
DA:8,1
LF:5
LH:5
BRF:0
BRH:0
end_of_record
TN:
SF:src\errors\genericError.js
FN:1,(anonymous_0)
FNF:1
FNH:0
FNDA:0,(anonymous_0)
DA:1,1
DA:2,0
DA:5,1
LF:3
LH:2
BRF:0
BRH:0
end_of_record
TN:
SF:src\errors\methodNotAllowed.js
FN:1,(anonymous_0)
FNF:1
FNH:0
FNDA:0,(anonymous_0)
DA:1,1
DA:2,0
DA:8,1
LF:3
LH:2
BRF:0
BRH:0
end_of_record
TN:
SF:src\errors\notFound.js
FN:1,(anonymous_0)
FNF:1
FNH:0
FNDA:0,(anonymous_0)
DA:1,1
DA:2,0
DA:5,1
LF:3
LH:2
BRF:0
BRH:0
end_of_record
TN:
SF:src\users\users.controller.js
FN:6,(anonymous_0)
FN:12,(anonymous_1)
FN:23,(anonymous_2)
FN:25,(anonymous_3)
FN:28,(anonymous_4)
FN:32,(anonymous_5)
FN:34,(anonymous_6)
FN:37,(anonymous_7)
FN:41,(anonymous_8)
FN:44,(anonymous_9)
FN:48,(anonymous_10)
FNF:11
FNH:6
FNDA:5,(anonymous_0)
FNDA:12,(anonymous_1)
FNDA:0,(anonymous_2)
FNDA:0,(anonymous_3)
FNDA:0,(anonymous_4)
FNDA:1,(anonymous_5)
FNDA:0,(anonymous_6)
FNDA:1,(anonymous_7)
FNDA:1,(anonymous_8)
FNDA:1,(anonymous_9)
FNDA:0,(anonymous_10)
DA:1,1
DA:2,1
DA:3,1
DA:6,1
DA:7,5
DA:8,5
DA:9,5
DA:10,5
DA:12,4
DA:13,12
DA:14,3
DA:17,4
DA:23,1
DA:24,0
DA:26,0
DA:28,0
DA:32,1
DA:33,1
DA:35,0
DA:37,1
DA:41,1
DA:42,1
DA:43,1
DA:45,1
DA:46,0
DA:48,0
DA:51,1
LF:27
LH:21
BRDA:10,0,0,1
BRDA:10,0,1,4
BRDA:13,1,0,3
BRDA:13,1,1,9
BRDA:17,2,0,3
BRDA:17,2,1,1
BRDA:45,3,0,1
BRDA:45,3,1,0
BRF:8
BRH:7
end_of_record
TN:
SF:src\users\users.router.js
FNF:0
FNH:0
DA:1,1
DA:2,1
DA:3,1
DA:5,1
DA:10,1
DA:14,1
LF:6
LH:6
BRF:0
BRH:0
end_of_record
TN:
SF:src\users\users.service.js
FN:4,(anonymous_0)
FN:9,(anonymous_1)
FN:14,(anonymous_2)
FNF:3
FNH:2
FNDA:0,(anonymous_0)
FNDA:1,(anonymous_1)
FNDA:1,(anonymous_2)
DA:1,1
DA:4,1
DA:5,0
DA:9,1
DA:10,1
DA:14,1
DA:15,1
DA:20,1
LF:8
LH:7
BRF:0
BRH:0
end_of_record
TN:
SF:test\makeTestApp.js
FN:6,makeTestApp
FNF:1
FNH:1
FNDA:1,makeTestApp
DA:1,1
DA:2,1
DA:3,1
DA:4,1
DA:7,1
DA:8,1
DA:9,1
DA:10,1
DA:11,1
DA:12,1
DA:13,1
DA:16,1
LF:12
LH:12
BRF:0
BRH:0
end_of_record
